TN:
SF:test.js
FN:1,(empty-report)
FNF:1
FNH:0
FNDA:0,(empty-report)
DA:1,0
DA:2,0
DA:3,0
DA:4,0
DA:5,0
DA:6,0
DA:7,0
DA:8,0
DA:9,0
DA:10,0
DA:11,0
DA:12,0
DA:13,0
DA:14,0
DA:15,0
DA:16,0
DA:17,0
LF:17
LH:0
BRDA:1,0,0,0
BRF:1
BRH:0
end_of_record
TN:
SF:src\api.js
FN:5,render
FNF:1
FNH:1
FNDA:6,render
DA:1,1
DA:2,1
DA:3,1
DA:4,1
DA:5,6
DA:6,6
DA:7,6
DA:8,6
DA:9,6
DA:10,6
DA:11,6
DA:12,4
DA:13,4
DA:14,1
DA:15,1
DA:16,1
DA:17,1
DA:18,1
LF:18
LH:18
BRDA:5,0,0,6
BRDA:6,1,0,0
BRDA:10,2,0,5
BRDA:10,3,0,1
BRDA:11,4,0,2
BRDA:12,5,0,4
BRDA:9,6,0,49
BRF:7
BRH:6
end_of_record
TN:
SF:src\core\factory.js
FN:8,text
FN:9,command
FN:10,env
FN:11,document
FN:13,mandatory
FN:14,optional
FN:17,section
FN:20,itemize
FN:21,enumerate
FN:22,item
FN:23,label
FN:24,ref
FN:25,eqref
FN:26,math
FN:27,comment
FNF:15
FNH:12
FNDA:4,text
FNDA:16,command
FNDA:2,env
FNDA:6,document
FNDA:16,mandatory
FNDA:0,optional
FNDA:7,section
FNDA:2,itemize
FNDA:0,enumerate
FNDA:4,item
FNDA:1,label
FNDA:4,ref
FNDA:0,eqref
FNDA:2,math
FNDA:1,comment
DA:1,1
DA:2,1
DA:3,1
DA:4,1
DA:5,1
DA:6,1
DA:7,1
DA:8,4
DA:9,16
DA:10,2
DA:11,6
DA:12,1
DA:13,16
DA:14,0
DA:15,1
DA:16,1
DA:17,7
DA:18,7
DA:19,7
DA:20,2
DA:21,0
DA:22,4
DA:23,1
DA:24,4
DA:25,0
DA:26,2
DA:27,1
DA:28,1
DA:29,1
DA:30,1
DA:31,1
DA:32,1
DA:33,1
DA:34,1
DA:35,1
DA:36,1
DA:37,1
DA:38,1
DA:39,1
DA:40,1
DA:41,1
DA:42,1
DA:43,1
DA:44,1
DA:45,1
LF:45
LH:42
BRDA:8,0,0,4
BRDA:9,1,0,16
BRDA:10,2,0,2
BRDA:11,3,0,6
BRDA:13,4,0,16
BRDA:17,5,0,7
BRDA:20,6,0,2
BRDA:22,7,0,4
BRDA:23,8,0,1
BRDA:24,9,0,4
BRDA:26,10,0,2
BRDA:27,11,0,1
BRF:12
BRH:12
end_of_record
TN:
SF:src\core\nodes\BaseNode.js
FN:2,BaseNode
FNF:1
FNH:1
FNDA:31,BaseNode
DA:1,1
DA:2,1
DA:3,31
DA:4,31
DA:5,31
DA:6,31
DA:7,1
DA:8,1
DA:9,1
LF:9
LH:9
BRDA:2,0,0,31
BRF:1
BRH:1
end_of_record
TN:
SF:src\core\nodes\CommandNode.js
FN:4,CommandNode
FN:10,addTrailing
FNF:2
FNH:1
FNDA:16,CommandNode
FNDA:0,addTrailing
DA:1,1
DA:2,1
DA:3,1
DA:4,1
DA:5,16
DA:6,16
DA:7,16
DA:8,16
DA:9,16
DA:10,1
DA:11,0
DA:12,0
DA:13,1
DA:14,1
DA:15,1
LF:15
LH:13
BRDA:4,0,0,16
BRF:1
BRH:1
end_of_record
TN:
SF:src\core\nodes\CommentNode.js
FN:4,CommentNode
FNF:1
FNH:1
FNDA:1,CommentNode
DA:1,1
DA:2,1
DA:3,1
DA:4,1
DA:5,1
DA:6,1
DA:7,1
DA:8,1
DA:9,1
DA:10,1
LF:10
LH:10
BRDA:4,0,0,1
BRF:1
BRH:1
end_of_record
TN:
SF:src\core\nodes\DocumentNode.js
FN:4,DocumentNode
FN:13,setClass
FN:17,usePackage
FN:23,add
FN:33,defineMacro
FN:38,registerLabel
FN:39,registerRef
FN:42,collectNodeMetadata
FNF:8
FNH:8
FNDA:6,DocumentNode
FNDA:1,setClass
FNDA:1,usePackage
FNDA:6,add
FNDA:1,defineMacro
FNDA:1,registerLabel
FNDA:4,registerRef
FNDA:25,collectNodeMetadata
DA:1,1
DA:2,1
DA:3,1
DA:4,1
DA:5,6
DA:6,6
DA:7,6
DA:8,6
DA:9,6
DA:10,6
DA:11,6
DA:12,6
DA:13,1
DA:14,1
DA:15,1
DA:16,1
DA:17,1
DA:18,1
DA:19,1
DA:20,1
DA:21,1
DA:22,1
DA:23,1
DA:24,6
DA:25,12
DA:26,12
DA:27,12
DA:28,12
DA:29,12
DA:30,6
DA:31,6
DA:32,1
DA:33,1
DA:34,1
DA:35,1
DA:36,1
DA:37,1
DA:38,1
DA:39,1
DA:40,1
DA:41,1
DA:42,25
DA:43,25
DA:44,1
DA:45,1
DA:46,1
DA:47,1
DA:48,1
DA:49,25
DA:50,4
DA:51,4
DA:52,4
DA:53,4
DA:54,4
DA:55,25
DA:56,25
DA:57,2
DA:58,2
DA:59,25
DA:60,16
DA:61,16
DA:62,25
DA:63,1
DA:64,1
LF:64
LH:64
BRDA:4,0,0,6
BRDA:13,1,0,1
BRDA:17,2,0,1
BRDA:23,3,0,6
BRDA:24,4,0,12
BRDA:33,5,0,1
BRDA:38,6,0,1
BRDA:39,7,0,4
BRDA:42,8,0,25
BRDA:43,9,0,16
BRDA:43,10,0,1
BRDA:43,11,0,1
BRDA:49,12,0,16
BRDA:49,13,0,4
BRDA:49,14,0,4
BRDA:56,15,0,2
BRDA:57,16,0,4
BRDA:59,17,0,16
BRDA:60,18,0,9
BRF:19
BRH:19
end_of_record
TN:
SF:src\core\nodes\EnvironmentNode.js
FN:4,EnvironmentNode
FN:10,append
FNF:2
FNH:1
FNDA:2,EnvironmentNode
FNDA:0,append
DA:1,1
DA:2,1
DA:3,1
DA:4,1
DA:5,2
DA:6,2
DA:7,2
DA:8,2
DA:9,2
DA:10,1
DA:11,0
DA:12,0
DA:13,0
DA:14,1
DA:15,1
DA:16,1
LF:16
LH:13
BRDA:4,0,0,2
BRF:1
BRH:1
end_of_record
TN:
SF:src\core\nodes\MathNode.js
FN:4,MathNode
FNF:1
FNH:1
FNDA:2,MathNode
DA:1,1
DA:2,1
DA:3,1
DA:4,1
DA:5,2
DA:6,2
DA:7,2
DA:8,2
DA:9,1
DA:10,1
DA:11,1
LF:11
LH:11
BRDA:4,0,0,2
BRF:1
BRH:1
end_of_record
TN:
SF:src\core\nodes\TextNode.js
FN:4,TextNode
FNF:1
FNH:1
FNDA:4,TextNode
DA:1,1
DA:2,1
DA:3,1
DA:4,1
DA:5,4
DA:6,4
DA:7,4
DA:8,1
DA:9,1
DA:10,1
LF:10
LH:10
BRDA:4,0,0,4
BRF:1
BRH:1
end_of_record
TN:
SF:src\render\escape.js
FN:15,escapeText
FNF:1
FNH:1
FNDA:20,escapeText
DA:1,1
DA:2,1
DA:3,1
DA:4,1
DA:5,1
DA:6,1
DA:7,1
DA:8,1
DA:9,1
DA:10,1
DA:11,1
DA:12,1
DA:13,1
DA:14,1
DA:15,20
DA:16,20
DA:17,20
DA:18,1
DA:19,1
LF:19
LH:19
BRDA:15,0,0,20
BRDA:16,1,0,11
BRDA:16,2,0,0
BRF:3
BRH:2
end_of_record
TN:
SF:src\render\serialize.js
FN:3,renderArg
FN:8,serializeCommand
FN:14,serializeEnvironment
FN:32,serializeDocument
FN:47,basicValidation
FN:58,serializeNode
FNF:6
FNH:6
FNDA:16,renderArg
FNDA:16,serializeCommand
FNDA:2,serializeEnvironment
FNDA:6,serializeDocument
FNDA:6,basicValidation
FNDA:31,serializeNode
DA:1,1
DA:2,1
DA:3,16
DA:4,16
DA:5,16
DA:6,16
DA:7,1
DA:8,16
DA:9,16
DA:10,16
DA:11,16
DA:12,16
DA:13,1
DA:14,2
DA:15,2
DA:16,2
DA:17,1
DA:18,1
DA:19,1
DA:20,1
DA:21,1
DA:22,1
DA:23,1
DA:24,1
DA:25,1
DA:26,1
DA:27,1
DA:28,1
DA:29,1
DA:30,1
DA:31,1
DA:32,6
DA:33,6
DA:34,6
DA:35,6
DA:36,6
DA:37,6
DA:38,6
DA:39,6
DA:40,6
DA:41,6
DA:42,6
DA:43,6
DA:44,6
DA:45,6
DA:46,1
DA:47,6
DA:48,6
DA:49,6
DA:50,4
DA:51,4
DA:52,6
DA:53,3
DA:54,3
DA:55,3
DA:56,3
DA:57,1
DA:58,31
DA:59,31
DA:60,31
DA:61,4
DA:62,31
DA:63,16
DA:64,31
DA:65,2
DA:66,31
DA:67,6
DA:68,31
DA:69,2
DA:70,31
DA:71,1
DA:72,31
DA:73,0
DA:74,31
DA:75,31
DA:76,1
DA:77,1
LF:77
LH:76
BRDA:3,0,0,16
BRDA:4,1,0,0
BRDA:5,2,0,0
BRDA:8,3,0,16
BRDA:10,4,0,3
BRDA:10,5,0,13
BRDA:11,6,0,7
BRDA:11,7,0,9
BRDA:9,8,0,16
BRDA:10,9,0,9
BRDA:14,10,0,2
BRDA:16,11,0,1
BRDA:17,12,0,2
BRDA:23,13,0,2
BRDA:24,14,0,2
BRDA:24,15,0,0
BRDA:32,16,0,6
BRDA:33,17,0,1
BRDA:33,18,0,5
BRDA:39,19,0,1
BRDA:39,20,0,5
BRDA:40,21,0,0
BRDA:36,22,0,1
BRDA:36,23,0,0
BRDA:38,24,0,1
BRDA:38,25,0,0
BRDA:39,26,0,12
BRDA:47,27,0,6
BRDA:49,28,0,4
BRDA:50,29,0,3
BRDA:52,30,0,3
BRDA:58,31,0,31
BRDA:60,32,0,4
BRDA:62,33,0,16
BRDA:64,34,0,2
BRDA:66,35,0,6
BRDA:68,36,0,2
BRDA:69,37,0,1
BRDA:69,38,0,1
BRDA:70,39,0,1
BRDA:72,40,0,0
BRF:41
BRH:34
end_of_record
