TN:
SF:test.js
FN:1,(empty-report)
FNF:1
FNH:0
FNDA:0,(empty-report)
DA:1,0
DA:2,0
DA:3,0
DA:4,0
DA:5,0
DA:6,0
DA:7,0
DA:8,0
DA:9,0
DA:10,0
DA:11,0
DA:12,0
DA:13,0
DA:14,0
DA:15,0
DA:16,0
DA:17,0
LF:17
LH:0
BRDA:1,0,0,0
BRF:1
BRH:0
end_of_record
TN:
SF:src\api.js
FN:5,render
FNF:1
FNH:1
FNDA:2,render
DA:1,1
DA:2,1
DA:3,1
DA:4,1
DA:5,2
DA:6,2
DA:7,2
DA:8,2
DA:9,1
DA:10,1
DA:11,1
DA:12,1
DA:13,1
LF:13
LH:13
BRDA:5,0,0,2
BRDA:6,1,0,0
BRF:2
BRH:1
end_of_record
TN:
SF:src\lom.js
FN:2,LatexNode
FN:8,appendChild
FN:12,toString
FN:26,createElement
FN:30,createTextNode
FNF:5
FNH:3
FNDA:1,LatexNode
FNDA:0,appendChild
FNDA:1,toString
FNDA:1,createElement
FNDA:0,createTextNode
DA:1,1
DA:2,1
DA:3,1
DA:4,1
DA:5,1
DA:6,1
DA:7,1
DA:8,1
DA:9,0
DA:10,0
DA:11,1
DA:12,1
DA:13,1
DA:14,0
DA:15,0
DA:16,1
DA:17,1
DA:18,1
DA:19,1
DA:20,0
DA:21,0
DA:22,0
DA:23,1
DA:24,1
DA:25,1
DA:26,1
DA:27,1
DA:28,1
DA:29,1
DA:30,0
DA:31,0
DA:32,0
DA:33,1
DA:34,1
DA:35,1
DA:36,1
DA:37,1
DA:38,1
DA:39,1
DA:40,1
DA:41,1
DA:42,1
DA:43,1
DA:44,1
DA:45,1
LF:45
LH:35
BRDA:2,0,0,1
BRDA:12,1,0,1
BRDA:13,2,0,0
BRDA:20,3,0,0
BRDA:26,4,0,1
BRF:5
BRH:3
end_of_record
TN:
SF:src\core\factory.js
FN:6,text
FN:7,command
FN:8,env
FN:9,document
FN:11,mandatory
FN:12,optional
FN:15,section
FN:18,itemize
FN:19,enumerate
FN:20,item
FNF:10
FNH:8
FNDA:2,text
FNDA:4,command
FNDA:1,env
FNDA:2,document
FNDA:4,mandatory
FNDA:0,optional
FNDA:2,section
FNDA:1,itemize
FNDA:0,enumerate
FNDA:2,item
DA:1,1
DA:2,1
DA:3,1
DA:4,1
DA:5,1
DA:6,2
DA:7,4
DA:8,1
DA:9,2
DA:10,1
DA:11,4
DA:12,0
DA:13,1
DA:14,1
DA:15,2
DA:16,2
DA:17,2
DA:18,1
DA:19,0
DA:20,2
DA:21,1
DA:22,1
DA:23,1
DA:24,1
DA:25,1
DA:26,1
DA:27,1
DA:28,1
DA:29,1
DA:30,1
DA:31,1
DA:32,1
DA:33,1
LF:33
LH:31
BRDA:6,0,0,2
BRDA:7,1,0,4
BRDA:8,2,0,1
BRDA:9,3,0,2
BRDA:11,4,0,4
BRDA:15,5,0,2
BRDA:18,6,0,1
BRDA:20,7,0,2
BRF:8
BRH:8
end_of_record
TN:
SF:src\core\nodes\BaseNode.js
FN:2,BaseNode
FNF:1
FNH:1
FNDA:9,BaseNode
DA:1,1
DA:2,1
DA:3,9
DA:4,9
DA:5,9
DA:6,9
DA:7,1
DA:8,1
DA:9,1
LF:9
LH:9
BRDA:2,0,0,9
BRF:1
BRH:1
end_of_record
TN:
SF:src\core\nodes\CommandNode.js
FN:4,CommandNode
FN:10,addTrailing
FNF:2
FNH:1
FNDA:4,CommandNode
FNDA:0,addTrailing
DA:1,1
DA:2,1
DA:3,1
DA:4,1
DA:5,4
DA:6,4
DA:7,4
DA:8,4
DA:9,4
DA:10,1
DA:11,0
DA:12,0
DA:13,1
DA:14,1
DA:15,1
LF:15
LH:13
BRDA:4,0,0,4
BRF:1
BRH:1
end_of_record
TN:
SF:src\core\nodes\DocumentNode.js
FN:4,DocumentNode
FN:10,setClass
FN:14,usePackage
FN:20,add
FNF:4
FNH:4
FNDA:2,DocumentNode
FNDA:1,setClass
FNDA:1,usePackage
FNDA:2,add
DA:1,1
DA:2,1
DA:3,1
DA:4,1
DA:5,2
DA:6,2
DA:7,2
DA:8,2
DA:9,2
DA:10,1
DA:11,1
DA:12,1
DA:13,1
DA:14,1
DA:15,1
DA:16,1
DA:17,1
DA:18,1
DA:19,1
DA:20,1
DA:21,2
DA:22,3
DA:23,3
DA:24,3
DA:25,2
DA:26,2
DA:27,1
DA:28,1
DA:29,1
LF:29
LH:29
BRDA:4,0,0,2
BRDA:10,1,0,1
BRDA:14,2,0,1
BRDA:20,3,0,2
BRDA:21,4,0,3
BRF:5
BRH:5
end_of_record
TN:
SF:src\core\nodes\EnvironmentNode.js
FN:4,EnvironmentNode
FN:10,append
FNF:2
FNH:1
FNDA:1,EnvironmentNode
FNDA:0,append
DA:1,1
DA:2,1
DA:3,1
DA:4,1
DA:5,1
DA:6,1
DA:7,1
DA:8,1
DA:9,1
DA:10,1
DA:11,0
DA:12,0
DA:13,0
DA:14,1
DA:15,1
DA:16,1
LF:16
LH:13
BRDA:4,0,0,1
BRF:1
BRH:1
end_of_record
TN:
SF:src\core\nodes\TextNode.js
FN:4,TextNode
FNF:1
FNH:1
FNDA:2,TextNode
DA:1,1
DA:2,1
DA:3,1
DA:4,1
DA:5,2
DA:6,2
DA:7,2
DA:8,1
DA:9,1
DA:10,1
LF:10
LH:10
BRDA:4,0,0,2
BRF:1
BRH:1
end_of_record
TN:
SF:src\render\escape.js
FN:15,escapeText
FNF:1
FNH:1
FNDA:6,escapeText
DA:1,1
DA:2,1
DA:3,1
DA:4,1
DA:5,1
DA:6,1
DA:7,1
DA:8,1
DA:9,1
DA:10,1
DA:11,1
DA:12,1
DA:13,1
DA:14,1
DA:15,6
DA:16,6
DA:17,6
DA:18,1
DA:19,1
LF:19
LH:19
BRDA:15,0,0,6
BRDA:16,1,0,11
BRDA:16,2,0,0
BRF:3
BRH:2
end_of_record
TN:
SF:src\render\serialize.js
FN:3,renderArg
FN:8,serializeCommand
FN:14,serializeEnvironment
FN:20,serializeDocument
FN:32,serializeNode
FNF:5
FNH:5
FNDA:4,renderArg
FNDA:4,serializeCommand
FNDA:1,serializeEnvironment
FNDA:2,serializeDocument
FNDA:9,serializeNode
DA:1,1
DA:2,1
DA:3,4
DA:4,4
DA:5,4
DA:6,4
DA:7,1
DA:8,4
DA:9,4
DA:10,4
DA:11,4
DA:12,4
DA:13,1
DA:14,1
DA:15,1
DA:16,1
DA:17,1
DA:18,1
DA:19,1
DA:20,2
DA:21,2
DA:22,2
DA:23,2
DA:24,2
DA:25,2
DA:26,2
DA:27,2
DA:28,2
DA:29,2
DA:30,2
DA:31,1
DA:32,9
DA:33,9
DA:34,9
DA:35,2
DA:36,9
DA:37,4
DA:38,9
DA:39,1
DA:40,9
DA:41,2
DA:42,9
DA:43,0
DA:44,9
DA:45,9
DA:46,1
DA:47,1
LF:47
LH:46
BRDA:3,0,0,4
BRDA:4,1,0,0
BRDA:5,2,0,0
BRDA:8,3,0,4
BRDA:11,4,0,2
BRDA:11,5,0,2
BRDA:14,6,0,1
BRDA:20,7,0,2
BRDA:21,8,0,1
BRDA:21,9,0,1
BRDA:24,10,0,1
BRDA:24,11,0,0
BRDA:32,12,0,9
BRDA:34,13,0,2
BRDA:36,14,0,4
BRDA:38,15,0,1
BRDA:40,16,0,2
BRDA:42,17,0,0
BRF:18
BRH:14
end_of_record
